New log file opened at Tue Jun 02 20:49:12 IST 2015 by 64245@Florians-MacBook-Air.local
Sending msg to client activator-5951ab1b-a64c-428a-b2e6-26be64c01569: DetachedLogEvent(LogMessage(debug,sbt server socket logs are in: /Users/Florian/workspace/abroad-server2/.sbtserver/connections/master.log))
Sending msg to client activator-5951ab1b-a64c-428a-b2e6-26be64c01569: DetachedLogEvent(LogMessage(debug,sbt client logs are in: /Users/Florian/workspace/abroad-server2/.sbtserver/connections/activator-5951ab1b-a64c-428a-b2e6-26be64c01569.log))
Sending msg to client activator-5951ab1b-a64c-428a-b2e6-26be64c01569: DetachedLogEvent(LogMessage(debug,sbt general server logs are in: /Users/Florian/workspace/abroad-server2/.sbtserver/master.log))
Reading next message from client.
Got request: ListenToEvents()
Reading next message from client.
Sending msg to client activator-5951ab1b-a64c-428a-b2e6-26be64c01569: (3,ReceivedResponse())
Got request: ListenToBuildChange()
Reading next message from client.
Got request: SendSyntheticBuildChanged()
Reading next message from client.
Got request: KeyLookupRequest(discoveredMainClasses)
Reading next message from client.
Got request: KeyLookupRequest(mainClass)
Reading next message from client.
Got request: KeyLookupRequest(echo:echoTraceSupported)
Reading next message from client.
Got request: KeyLookupRequest(echo:echoPlayVersionReport)
Reading next message from client.
Got request: KeyLookupRequest(echo:echoAkkaVersionReport)
Reading next message from client.
Got request: KeyLookupRequest(echo:echoTracePlayVersion)
Reading next message from client.
Sending msg to client activator-5951ab1b-a64c-428a-b2e6-26be64c01569: DetachedLogEvent(LogMessage(debug,> initialize))
Sending msg to client activator-5951ab1b-a64c-428a-b2e6-26be64c01569: DetachedLogEvent(LogMessage(debug,> onFailure load-failed))
Sending msg to client activator-5951ab1b-a64c-428a-b2e6-26be64c01569: DetachedLogEvent(LogMessage(debug,> boot))
Sending msg to client activator-5951ab1b-a64c-428a-b2e6-26be64c01569: DetachedLogEvent(LogMessage(debug,> reload))
Sending msg to client activator-5951ab1b-a64c-428a-b2e6-26be64c01569: DetachedLogEvent(LogMessage(debug,[Loading] Scanning directory /Users/Florian/workspace/abroad-server2/project))
Sending msg to client activator-5951ab1b-a64c-428a-b2e6-26be64c01569: DetachedLogEvent(LogMessage(debug,[Loading] Found non-root projects ))
Sending msg to client activator-5951ab1b-a64c-428a-b2e6-26be64c01569: DetachedLogEvent(LogMessage(debug,[Loading] Done in /Users/Florian/workspace/abroad-server2/project, returning: ()))
Sending msg to client activator-5951ab1b-a64c-428a-b2e6-26be64c01569: DetachedLogEvent(LogMessage(debug,deducing auto plugins based on known facts Set(Atom(sbt.plugins.CorePlugin)) and clauses Clauses(List(Clause(Atom(sbt.plugins.JvmPlugin),Set(Atom(sbt.plugins.IvyPlugin))), Clause(Atom(sbt.plugins.JUnitXmlReportPlugin),Set(Atom(sbt.plugins.JvmPlugin))), Clause(Atom(sbt.plugins.CorePlugin),Set(Atom(sbt.plugins.IvyPlugin))), Clause(Atom(sbt.plugins.IvyPlugin),Set(Atom(sbt.plugins.JvmPlugin))), Clause(Atom(sbt.plugins.JvmPlugin),Set(Atom(sbt.plugins.JUnitXmlReportPlugin)))))))
Sending msg to client activator-5951ab1b-a64c-428a-b2e6-26be64c01569: DetachedLogEvent(LogMessage(debug,  :: deduced result: Matched(sbt.plugins.CorePlugin,sbt.plugins.IvyPlugin,sbt.plugins.JvmPlugin,sbt.plugins.JUnitXmlReportPlugin)))
Sending msg to client activator-5951ab1b-a64c-428a-b2e6-26be64c01569: DetachedLogEvent(LogMessage(debug,sorting: ns: List(sbt.plugins.CorePlugin, sbt.plugins.IvyPlugin, sbt.plugins.JvmPlugin, sbt.plugins.JUnitXmlReportPlugin)))
Sending msg to client activator-5951ab1b-a64c-428a-b2e6-26be64c01569: DetachedLogEvent(LogMessage(debug,  :: sorting:: found: List(sbt.plugins.CorePlugin) not found List(sbt.plugins.IvyPlugin, sbt.plugins.JvmPlugin, sbt.plugins.JUnitXmlReportPlugin)))
Sending msg to client activator-5951ab1b-a64c-428a-b2e6-26be64c01569: DetachedLogEvent(LogMessage(debug,  :: sorting:: found: List(sbt.plugins.CorePlugin, sbt.plugins.IvyPlugin) not found List(sbt.plugins.JvmPlugin, sbt.plugins.JUnitXmlReportPlugin)))
Sending msg to client activator-5951ab1b-a64c-428a-b2e6-26be64c01569: DetachedLogEvent(LogMessage(debug,  :: sorting:: found: List(sbt.plugins.CorePlugin, sbt.plugins.IvyPlugin, sbt.plugins.JvmPlugin) not found List(sbt.plugins.JUnitXmlReportPlugin)))
Sending msg to client activator-5951ab1b-a64c-428a-b2e6-26be64c01569: DetachedLogEvent(LogMessage(debug,  :: sorting:: found: List(sbt.plugins.CorePlugin, sbt.plugins.IvyPlugin, sbt.plugins.JvmPlugin, sbt.plugins.JUnitXmlReportPlugin) not found List()))
Sending msg to client activator-5951ab1b-a64c-428a-b2e6-26be64c01569: DetachedLogEvent(LogMessage(debug,  :: sorted deduced result: List(sbt.plugins.CorePlugin, sbt.plugins.IvyPlugin, sbt.plugins.JvmPlugin, sbt.plugins.JUnitXmlReportPlugin)))
Sending msg to client activator-5951ab1b-a64c-428a-b2e6-26be64c01569: DetachedLogEvent(LogMessage(debug,[Loading] Done in /Users/Florian/workspace/abroad-server2/project, returning: (abroad-server2-build)))
Sending msg to client activator-5951ab1b-a64c-428a-b2e6-26be64c01569: DetachedLogEvent(LogMessage(info,Loading project definition from /Users/Florian/workspace/abroad-server2/project))
Sending msg to client activator-5951ab1b-a64c-428a-b2e6-26be64c01569: DetachedLogEvent(LogMessage(debug,Running task... Cancel: sbt.TaskCancellationStrategy$Null$@1d17a3c2, check cycles: false))
Sending msg to client activator-5951ab1b-a64c-428a-b2e6-26be64c01569: DetachedLogEvent(LogStdOut([info] Updating {file:/Users/Florian/workspace/abroad-server2/project/}abroad-server2-build...))
Sending msg to client activator-5951ab1b-a64c-428a-b2e6-26be64c01569: DetachedLogEvent(LogMessage(info,Updating {file:/Users/Florian/workspace/abroad-server2/project/}abroad-server2-build...))
Sending msg to client activator-5951ab1b-a64c-428a-b2e6-26be64c01569: DetachedLogEvent(LogMessage(debug,Other repositories:))
Sending msg to client activator-5951ab1b-a64c-428a-b2e6-26be64c01569: DetachedLogEvent(LogMessage(debug,Default repositories:))
Sending msg to client activator-5951ab1b-a64c-428a-b2e6-26be64c01569: DetachedLogEvent(LogMessage(debug,Using inline dependencies specified in Scala.))
Sending msg to client activator-5951ab1b-a64c-428a-b2e6-26be64c01569: DetachedLogEvent(LogMessage(debug,:: resolving dependencies :: default#abroad-server2-build;0.1-SNAPSHOT))
Sending msg to client activator-5951ab1b-a64c-428a-b2e6-26be64c01569: DetachedLogEvent(LogMessage(debug,	confs: [compile, runtime, test, provided, optional, compile-internal, runtime-internal, test-internal, plugin, sources, docs, pom, scala-tool]))
Sending msg to client activator-5951ab1b-a64c-428a-b2e6-26be64c01569: DetachedLogEvent(LogMessage(debug,	validate = true))
Sending msg to client activator-5951ab1b-a64c-428a-b2e6-26be64c01569: DetachedLogEvent(LogMessage(debug,	refresh = false))
Sending msg to client activator-5951ab1b-a64c-428a-b2e6-26be64c01569: DetachedLogEvent(LogMessage(debug,resolving dependencies for configuration 'compile'))
Sending msg to client activator-5951ab1b-a64c-428a-b2e6-26be64c01569: DetachedLogEvent(LogMessage(debug,== resolving dependencies for default#abroad-server2-build;0.1-SNAPSHOT [compile]))
Sending msg to client activator-5951ab1b-a64c-428a-b2e6-26be64c01569: DetachedLogEvent(LogMessage(debug,== resolving dependencies default#abroad-server2-build;0.1-SNAPSHOT->com.typesafe.play#sbt-fork-run-plugin;2.3.8 [compile->default(compile)]))
Sending msg to client activator-5951ab1b-a64c-428a-b2e6-26be64c01569: DetachedLogEvent(LogStdOut([info] Resolving com.typesafe.play#sbt-fork-run-plugin;2.3.8 ...))
Sending msg to client activator-5951ab1b-a64c-428a-b2e6-26be64c01569: DetachedLogEvent(LogMessage(info,Resolving com.typesafe.play#sbt-fork-run-plugin;2.3.8 ...))
Sending msg to client activator-5951ab1b-a64c-428a-b2e6-26be64c01569: DetachedLogEvent(LogMessage(debug,sbt-chain: Checking cache for: dependency: com.typesafe.play#sbt-fork-run-plugin;2.3.8 {compile=[default(compile)]}))
Sending msg to client activator-5951ab1b-a64c-428a-b2e6-26be64c01569: DetachedLogEvent(LogStdOut([A[2K[info] Resolving com.typesafe.play#sbt-fork-run-plugin;2.3.8 ...))
Sending msg to client activator-5951ab1b-a64c-428a-b2e6-26be64c01569: DetachedLogEvent(LogMessage(info,Resolving com.typesafe.play#sbt-fork-run-plugin;2.3.8 ...))
Sending msg to client activator-5951ab1b-a64c-428a-b2e6-26be64c01569: DetachedLogEvent(LogMessage(debug,sbt-chain-delegate: Checking cache for: dependency: com.typesafe.play#sbt-fork-run-plugin;2.3.8 {compile=[default(compile)]}))
Sending msg to client activator-5951ab1b-a64c-428a-b2e6-26be64c01569: DetachedLogEvent(LogMessage(debug,		tried https://repo.typesafe.com/typesafe/ivy-releases/com.typesafe.play/sbt-fork-run-plugin/scala_2.10/sbt_0.13/2.3.8/ivys/ivy.xml))
Sending msg to client activator-5951ab1b-a64c-428a-b2e6-26be64c01569: DetachedLogEvent(LogMessage(debug,	typesafe-ivy-releases: found md file for com.typesafe.play#sbt-fork-run-plugin;2.3.8))
Sending msg to client activator-5951ab1b-a64c-428a-b2e6-26be64c01569: DetachedLogEvent(LogMessage(debug,		=> https://repo.typesafe.com/typesafe/ivy-releases/com.typesafe.play/sbt-fork-run-plugin/scala_2.10/sbt_0.13/2.3.8/ivys/ivy.xml (2.3.8)))
Sending msg to client activator-5951ab1b-a64c-428a-b2e6-26be64c01569: DetachedLogEvent(LogMessage(debug,downloading https://repo.typesafe.com/typesafe/ivy-releases/com.typesafe.play/sbt-fork-run-plugin/scala_2.10/sbt_0.13/2.3.8/ivys/ivy.xml ...))
Sending msg to client activator-5951ab1b-a64c-428a-b2e6-26be64c01569: DetachedLogEvent(LogMessage(debug,	typesafe-ivy-releases: downloading https://repo.typesafe.com/typesafe/ivy-releases/com.typesafe.play/sbt-fork-run-plugin/scala_2.10/sbt_0.13/2.3.8/ivys/ivy.xml))
Sending msg to client activator-5951ab1b-a64c-428a-b2e6-26be64c01569: DetachedLogEvent(LogMessage(debug,	typesafe-ivy-releases: downloading https://repo.typesafe.com/typesafe/ivy-releases/com.typesafe.play/sbt-fork-run-plugin/scala_2.10/sbt_0.13/2.3.8/ivys/ivy.xml.sha1))
Sending msg to client activator-5951ab1b-a64c-428a-b2e6-26be64c01569: DetachedLogEvent(LogMessage(debug,sha1 OK for https://repo.typesafe.com/typesafe/ivy-releases/com.typesafe.play/sbt-fork-run-plugin/scala_2.10/sbt_0.13/2.3.8/ivys/ivy.xml))
Sending msg to client activator-5951ab1b-a64c-428a-b2e6-26be64c01569: DetachedLogEvent(LogMessage(debug,	[SUCCESSFUL ] com.typesafe.play#sbt-fork-run-plugin;2.3.8!ivy.xml(ivy.original) (2130ms)))
Sending msg to client activator-5951ab1b-a64c-428a-b2e6-26be64c01569: DetachedLogEvent(LogMessage(debug,	found com.typesafe.play#sbt-fork-run-plugin;2.3.8 in typesafe-ivy-releases))
Sending msg to client activator-5951ab1b-a64c-428a-b2e6-26be64c01569: DetachedLogEvent(LogMessage(debug,== resolving dependencies com.typesafe.play#sbt-fork-run-plugin;2.3.8->com.typesafe.play#sbt-fork-run-protocol_2.10;2.3.8 [compile->default(compile)]))
Sending msg to client activator-5951ab1b-a64c-428a-b2e6-26be64c01569: DetachedLogEvent(LogStdOut([A[2K[info] Resolving com.typesafe.play#sbt-fork-run-protocol_2.10;2.3.8 ...))
Sending msg to client activator-5951ab1b-a64c-428a-b2e6-26be64c01569: DetachedLogEvent(LogMessage(info,Resolving com.typesafe.play#sbt-fork-run-protocol_2.10;2.3.8 ...))
Sending msg to client activator-5951ab1b-a64c-428a-b2e6-26be64c01569: DetachedLogEvent(LogMessage(debug,sbt-chain: Checking cache for: dependency: com.typesafe.play#sbt-fork-run-protocol_2.10;2.3.8 {compile=[default(compile)]}))
Sending msg to client activator-5951ab1b-a64c-428a-b2e6-26be64c01569: DetachedLogEvent(LogStdOut([A[2K[info] Resolving com.typesafe.play#sbt-fork-run-protocol_2.10;2.3.8 ...))
Sending msg to client activator-5951ab1b-a64c-428a-b2e6-26be64c01569: DetachedLogEvent(LogMessage(info,Resolving com.typesafe.play#sbt-fork-run-protocol_2.10;2.3.8 ...))
Sending msg to client activator-5951ab1b-a64c-428a-b2e6-26be64c01569: DetachedLogEvent(LogMessage(debug,sbt-chain-delegate: Checking cache for: dependency: com.typesafe.play#sbt-fork-run-protocol_2.10;2.3.8 {compile=[default(compile)]}))
Sending msg to client activator-5951ab1b-a64c-428a-b2e6-26be64c01569: DetachedLogEvent(LogMessage(debug,		tried https://repo.typesafe.com/typesafe/ivy-releases/com.typesafe.play/sbt-fork-run-protocol_2.10/2.3.8/ivys/ivy.xml))
Sending msg to client activator-5951ab1b-a64c-428a-b2e6-26be64c01569: DetachedLogEvent(LogMessage(debug,CLIENT ERROR: Not Found url=https://repo.typesafe.com/typesafe/ivy-releases/com.typesafe.play/sbt-fork-run-protocol_2.10/2.3.8/ivys/ivy.xml))
Sending msg to client activator-5951ab1b-a64c-428a-b2e6-26be64c01569: DetachedLogEvent(LogMessage(debug,	typesafe-ivy-releases: no ivy file found for com.typesafe.play#sbt-fork-run-protocol_2.10;2.3.8))
Sending msg to client activator-5951ab1b-a64c-428a-b2e6-26be64c01569: DetachedLogEvent(LogMessage(debug,		tried https://repo.scala-sbt.org/scalasbt/sbt-plugin-releases/com.typesafe.play/sbt-fork-run-protocol_2.10/2.3.8/ivys/ivy.xml))
Sending msg to client activator-5951ab1b-a64c-428a-b2e6-26be64c01569: DetachedLogEvent(LogMessage(debug,CLIENT ERROR: Not Found url=https://repo.scala-sbt.org/scalasbt/sbt-plugin-releases/com.typesafe.play/sbt-fork-run-protocol_2.10/2.3.8/ivys/ivy.xml))
Sending msg to client activator-5951ab1b-a64c-428a-b2e6-26be64c01569: DetachedLogEvent(LogMessage(debug,	sbt-plugin-releases: no ivy file found for com.typesafe.play#sbt-fork-run-protocol_2.10;2.3.8))
Sending msg to client activator-5951ab1b-a64c-428a-b2e6-26be64c01569: DetachedLogEvent(LogMessage(debug,		tried /Users/Florian/.ivy2/local/com.typesafe.play/sbt-fork-run-protocol_2.10/2.3.8/ivys/ivy.xml))
Sending msg to client activator-5951ab1b-a64c-428a-b2e6-26be64c01569: DetachedLogEvent(LogMessage(debug,	local: no ivy file found for com.typesafe.play#sbt-fork-run-protocol_2.10;2.3.8))
Sending msg to client activator-5951ab1b-a64c-428a-b2e6-26be64c01569: DetachedLogEvent(LogMessage(debug,		tried https://repo1.maven.org/maven2/com/typesafe/play/sbt-fork-run-protocol_2.10/2.3.8/sbt-fork-run-protocol_2.10-2.3.8.pom))
Sending msg to client activator-5951ab1b-a64c-428a-b2e6-26be64c01569: DetachedLogEvent(LogMessage(debug,CLIENT ERROR: Not Found url=https://repo1.maven.org/maven2/com/typesafe/play/sbt-fork-run-protocol_2.10/2.3.8/sbt-fork-run-protocol_2.10-2.3.8.pom))
Sending msg to client activator-5951ab1b-a64c-428a-b2e6-26be64c01569: DetachedLogEvent(LogMessage(debug,	public: no ivy file found for com.typesafe.play#sbt-fork-run-protocol_2.10;2.3.8))
Sending msg to client activator-5951ab1b-a64c-428a-b2e6-26be64c01569: DetachedLogEvent(LogMessage(debug,		tried http://repo.typesafe.com/typesafe/releases/com/typesafe/play/sbt-fork-run-protocol_2.10/2.3.8/sbt-fork-run-protocol_2.10-2.3.8.pom))
Sending msg to client activator-5951ab1b-a64c-428a-b2e6-26be64c01569: DetachedLogEvent(LogMessage(debug,	typesafe-releases: found md file for com.typesafe.play#sbt-fork-run-protocol_2.10;2.3.8))
Sending msg to client activator-5951ab1b-a64c-428a-b2e6-26be64c01569: DetachedLogEvent(LogMessage(debug,		=> http://repo.typesafe.com/typesafe/releases/com/typesafe/play/sbt-fork-run-protocol_2.10/2.3.8/sbt-fork-run-protocol_2.10-2.3.8.pom (2.3.8)))
Sending msg to client activator-5951ab1b-a64c-428a-b2e6-26be64c01569: DetachedLogEvent(LogMessage(debug,downloading http://repo.typesafe.com/typesafe/releases/com/typesafe/play/sbt-fork-run-protocol_2.10/2.3.8/sbt-fork-run-protocol_2.10-2.3.8.pom ...))
Sending msg to client activator-5951ab1b-a64c-428a-b2e6-26be64c01569: DetachedLogEvent(LogMessage(debug,	typesafe-releases: downloading http://repo.typesafe.com/typesafe/releases/com/typesafe/play/sbt-fork-run-protocol_2.10/2.3.8/sbt-fork-run-protocol_2.10-2.3.8.pom))
Sending msg to client activator-5951ab1b-a64c-428a-b2e6-26be64c01569: DetachedLogEvent(LogMessage(debug,	typesafe-releases: downloading http://repo.typesafe.com/typesafe/releases/com/typesafe/play/sbt-fork-run-protocol_2.10/2.3.8/sbt-fork-run-protocol_2.10-2.3.8.pom.sha1))
Sending msg to client activator-5951ab1b-a64c-428a-b2e6-26be64c01569: DetachedLogEvent(LogMessage(debug,sha1 OK for http://repo.typesafe.com/typesafe/releases/com/typesafe/play/sbt-fork-run-protocol_2.10/2.3.8/sbt-fork-run-protocol_2.10-2.3.8.pom))
Sending msg to client activator-5951ab1b-a64c-428a-b2e6-26be64c01569: DetachedLogEvent(LogMessage(debug,	[SUCCESSFUL ] com.typesafe.play#sbt-fork-run-protocol_2.10;2.3.8!sbt-fork-run-protocol_2.10.pom(pom.original) (1496ms)))
Sending msg to client activator-5951ab1b-a64c-428a-b2e6-26be64c01569: DetachedLogEvent(LogMessage(debug,		tried https://repo.typesafe.com/typesafe/ivy-releases/com.typesafe.play/sbt-fork-run-protocol_2.10/2.3.8/jars/sbt-fork-run-protocol_2.10.jar))
Sending msg to client activator-5951ab1b-a64c-428a-b2e6-26be64c01569: DetachedLogEvent(LogMessage(debug,CLIENT ERROR: Not Found url=https://repo.typesafe.com/typesafe/ivy-releases/com.typesafe.play/sbt-fork-run-protocol_2.10/2.3.8/jars/sbt-fork-run-protocol_2.10.jar))
Sending msg to client activator-5951ab1b-a64c-428a-b2e6-26be64c01569: DetachedLogEvent(LogMessage(debug,		tried https://repo.scala-sbt.org/scalasbt/sbt-plugin-releases/com.typesafe.play/sbt-fork-run-protocol_2.10/2.3.8/jars/sbt-fork-run-protocol_2.10.jar))
Sending msg to client activator-5951ab1b-a64c-428a-b2e6-26be64c01569: DetachedLogEvent(LogMessage(debug,CLIENT ERROR: Not Found url=https://repo.scala-sbt.org/scalasbt/sbt-plugin-releases/com.typesafe.play/sbt-fork-run-protocol_2.10/2.3.8/jars/sbt-fork-run-protocol_2.10.jar))
Sending msg to client activator-5951ab1b-a64c-428a-b2e6-26be64c01569: DetachedLogEvent(LogMessage(debug,		tried /Users/Florian/.ivy2/local/com.typesafe.play/sbt-fork-run-protocol_2.10/2.3.8/jars/sbt-fork-run-protocol_2.10.jar))
Sending msg to client activator-5951ab1b-a64c-428a-b2e6-26be64c01569: DetachedLogEvent(LogMessage(debug,		tried https://repo1.maven.org/maven2/com/typesafe/play/sbt-fork-run-protocol_2.10/2.3.8/sbt-fork-run-protocol_2.10-2.3.8.jar))
Sending msg to client activator-5951ab1b-a64c-428a-b2e6-26be64c01569: DetachedLogEvent(LogMessage(debug,CLIENT ERROR: Not Found url=https://repo1.maven.org/maven2/com/typesafe/play/sbt-fork-run-protocol_2.10/2.3.8/sbt-fork-run-protocol_2.10-2.3.8.jar))
Sending msg to client activator-5951ab1b-a64c-428a-b2e6-26be64c01569: DetachedLogEvent(LogMessage(debug,		tried http://repo.typesafe.com/typesafe/releases/com/typesafe/play/sbt-fork-run-protocol_2.10/2.3.8/sbt-fork-run-protocol_2.10-2.3.8.jar))
Sending msg to client activator-5951ab1b-a64c-428a-b2e6-26be64c01569: DetachedLogEvent(LogMessage(debug,	found com.typesafe.play#sbt-fork-run-protocol_2.10;2.3.8 in typesafe-releases))
Sending msg to client activator-5951ab1b-a64c-428a-b2e6-26be64c01569: DetachedLogEvent(LogMessage(debug,== resolving dependencies com.typesafe.play#sbt-fork-run-plugin;2.3.8->com.typesafe.play#sbt-fork-run-protocol_2.10;2.3.8 [compile->runtime]))
Sending msg to client activator-5951ab1b-a64c-428a-b2e6-26be64c01569: DetachedLogEvent(LogMessage(debug,== resolving dependencies com.typesafe.play#sbt-fork-run-plugin;2.3.8->com.typesafe.play#sbt-fork-run-protocol_2.10;2.3.8 [compile->compile]))
Sending msg to client activator-5951ab1b-a64c-428a-b2e6-26be64c01569: DetachedLogEvent(LogMessage(debug,== resolving dependencies com.typesafe.play#sbt-fork-run-protocol_2.10;2.3.8->org.scala-lang#scala-library;2.10.4 [compile->compile(*)]))
Sending msg to client activator-5951ab1b-a64c-428a-b2e6-26be64c01569: DetachedLogEvent(LogStdOut([A[2K[info] Resolving org.scala-lang#scala-library;2.10.4 ...))
Sending msg to client activator-5951ab1b-a64c-428a-b2e6-26be64c01569: DetachedLogEvent(LogMessage(info,Resolving org.scala-lang#scala-library;2.10.4 ...))
Sending msg to client activator-5951ab1b-a64c-428a-b2e6-26be64c01569: DetachedLogEvent(LogMessage(debug,sbt-chain: Checking cache for: dependency: org.scala-lang#scala-library;2.10.4 {compile=[compile(*), master(compile)], runtime=[runtime(*)]}))
Sending msg to client activator-5951ab1b-a64c-428a-b2e6-26be64c01569: DetachedLogEvent(LogMessage(debug,sbt-chain: module revision found in cache: org.scala-lang#scala-library;2.10.4))
Sending msg to client activator-5951ab1b-a64c-428a-b2e6-26be64c01569: DetachedLogEvent(LogMessage(debug,	found org.scala-lang#scala-library;2.10.4 in sbt-chain))
Sending msg to client activator-5951ab1b-a64c-428a-b2e6-26be64c01569: DetachedLogEvent(LogMessage(debug,	[2.10.4] org.scala-lang#scala-library;2.10.4))
Sending msg to client activator-5951ab1b-a64c-428a-b2e6-26be64c01569: DetachedLogEvent(LogMessage(debug,== resolving dependencies com.typesafe.play#sbt-fork-run-protocol_2.10;2.3.8->org.scala-lang#scala-library;2.10.4 [compile->master(compile)]))
Sending msg to client activator-5951ab1b-a64c-428a-b2e6-26be64c01569: DetachedLogEvent(LogMessage(debug,== resolving dependencies com.typesafe.play#sbt-fork-run-protocol_2.10;2.3.8->org.scala-lang#scala-library;2.10.4 [compile->runtime(*)]))
Sending msg to client activator-5951ab1b-a64c-428a-b2e6-26be64c01569: DetachedLogEvent(LogMessage(debug,== resolving dependencies com.typesafe.play#sbt-fork-run-protocol_2.10;2.3.8->org.scala-lang#scala-library;2.10.4 [compile->compile]))
Sending msg to client activator-5951ab1b-a64c-428a-b2e6-26be64c01569: DetachedLogEvent(LogMessage(debug,== resolving dependencies com.typesafe.play#sbt-fork-run-protocol_2.10;2.3.8->com.typesafe.play#sbt-run-support_2.10;2.3.8 [compile->compile(*)]))
Sending msg to client activator-5951ab1b-a64c-428a-b2e6-26be64c01569: DetachedLogEvent(LogStdOut([A[2K[info] Resolving com.typesafe.play#sbt-run-support_2.10;2.3.8 ...))
Sending msg to client activator-5951ab1b-a64c-428a-b2e6-26be64c01569: DetachedLogEvent(LogMessage(info,Resolving com.typesafe.play#sbt-run-support_2.10;2.3.8 ...))
Sending msg to client activator-5951ab1b-a64c-428a-b2e6-26be64c01569: DetachedLogEvent(LogMessage(debug,sbt-chain: Checking cache for: dependency: com.typesafe.play#sbt-run-support_2.10;2.3.8 {compile=[compile(*), master(compile)], runtime=[runtime(*)]}))
Sending msg to client activator-5951ab1b-a64c-428a-b2e6-26be64c01569: DetachedLogEvent(LogStdOut([A[2K[info] Resolving com.typesafe.play#sbt-run-support_2.10;2.3.8 ...))
Sending msg to client activator-5951ab1b-a64c-428a-b2e6-26be64c01569: DetachedLogEvent(LogMessage(info,Resolving com.typesafe.play#sbt-run-support_2.10;2.3.8 ...))
Sending msg to client activator-5951ab1b-a64c-428a-b2e6-26be64c01569: DetachedLogEvent(LogMessage(debug,sbt-chain-delegate: Checking cache for: dependency: com.typesafe.play#sbt-run-support_2.10;2.3.8 {compile=[compile(*), master(compile)], runtime=[runtime(*)]}))
Sending msg to client activator-5951ab1b-a64c-428a-b2e6-26be64c01569: DetachedLogEvent(LogMessage(debug,		tried https://repo.typesafe.com/typesafe/ivy-releases/com.typesafe.play/sbt-run-support_2.10/2.3.8/ivys/ivy.xml))
Sending msg to client activator-5951ab1b-a64c-428a-b2e6-26be64c01569: DetachedLogEvent(LogMessage(debug,CLIENT ERROR: Not Found url=https://repo.typesafe.com/typesafe/ivy-releases/com.typesafe.play/sbt-run-support_2.10/2.3.8/ivys/ivy.xml))
Sending msg to client activator-5951ab1b-a64c-428a-b2e6-26be64c01569: DetachedLogEvent(LogMessage(debug,	typesafe-ivy-releases: no ivy file found for com.typesafe.play#sbt-run-support_2.10;2.3.8))
Sending msg to client activator-5951ab1b-a64c-428a-b2e6-26be64c01569: DetachedLogEvent(LogMessage(debug,		tried https://repo.scala-sbt.org/scalasbt/sbt-plugin-releases/com.typesafe.play/sbt-run-support_2.10/2.3.8/ivys/ivy.xml))
Sending msg to client activator-5951ab1b-a64c-428a-b2e6-26be64c01569: DetachedLogEvent(LogMessage(debug,CLIENT ERROR: Not Found url=https://repo.scala-sbt.org/scalasbt/sbt-plugin-releases/com.typesafe.play/sbt-run-support_2.10/2.3.8/ivys/ivy.xml))
Sending msg to client activator-5951ab1b-a64c-428a-b2e6-26be64c01569: DetachedLogEvent(LogMessage(debug,	sbt-plugin-releases: no ivy file found for com.typesafe.play#sbt-run-support_2.10;2.3.8))
Sending msg to client activator-5951ab1b-a64c-428a-b2e6-26be64c01569: DetachedLogEvent(LogMessage(debug,		tried /Users/Florian/.ivy2/local/com.typesafe.play/sbt-run-support_2.10/2.3.8/ivys/ivy.xml))
Sending msg to client activator-5951ab1b-a64c-428a-b2e6-26be64c01569: DetachedLogEvent(LogMessage(debug,	local: no ivy file found for com.typesafe.play#sbt-run-support_2.10;2.3.8))
Sending msg to client activator-5951ab1b-a64c-428a-b2e6-26be64c01569: DetachedLogEvent(LogMessage(debug,		tried https://repo1.maven.org/maven2/com/typesafe/play/sbt-run-support_2.10/2.3.8/sbt-run-support_2.10-2.3.8.pom))
Sending msg to client activator-5951ab1b-a64c-428a-b2e6-26be64c01569: DetachedLogEvent(LogMessage(debug,CLIENT ERROR: Not Found url=https://repo1.maven.org/maven2/com/typesafe/play/sbt-run-support_2.10/2.3.8/sbt-run-support_2.10-2.3.8.pom))
Sending msg to client activator-5951ab1b-a64c-428a-b2e6-26be64c01569: DetachedLogEvent(LogMessage(debug,	public: no ivy file found for com.typesafe.play#sbt-run-support_2.10;2.3.8))
Sending msg to client activator-5951ab1b-a64c-428a-b2e6-26be64c01569: DetachedLogEvent(LogMessage(debug,		tried http://repo.typesafe.com/typesafe/releases/com/typesafe/play/sbt-run-support_2.10/2.3.8/sbt-run-support_2.10-2.3.8.pom))
Sending msg to client activator-5951ab1b-a64c-428a-b2e6-26be64c01569: DetachedLogEvent(LogMessage(debug,	typesafe-releases: found md file for com.typesafe.play#sbt-run-support_2.10;2.3.8))
Sending msg to client activator-5951ab1b-a64c-428a-b2e6-26be64c01569: DetachedLogEvent(LogMessage(debug,		=> http://repo.typesafe.com/typesafe/releases/com/typesafe/play/sbt-run-support_2.10/2.3.8/sbt-run-support_2.10-2.3.8.pom (2.3.8)))
Sending msg to client activator-5951ab1b-a64c-428a-b2e6-26be64c01569: DetachedLogEvent(LogMessage(debug,downloading http://repo.typesafe.com/typesafe/releases/com/typesafe/play/sbt-run-support_2.10/2.3.8/sbt-run-support_2.10-2.3.8.pom ...))
Sending msg to client activator-5951ab1b-a64c-428a-b2e6-26be64c01569: DetachedLogEvent(LogMessage(debug,	typesafe-releases: downloading http://repo.typesafe.com/typesafe/releases/com/typesafe/play/sbt-run-support_2.10/2.3.8/sbt-run-support_2.10-2.3.8.pom))
Sending msg to client activator-5951ab1b-a64c-428a-b2e6-26be64c01569: DetachedLogEvent(LogMessage(debug,	typesafe-releases: downloading http://repo.typesafe.com/typesafe/releases/com/typesafe/play/sbt-run-support_2.10/2.3.8/sbt-run-support_2.10-2.3.8.pom.sha1))
Sending msg to client activator-5951ab1b-a64c-428a-b2e6-26be64c01569: DetachedLogEvent(LogMessage(debug,sha1 OK for http://repo.typesafe.com/typesafe/releases/com/typesafe/play/sbt-run-support_2.10/2.3.8/sbt-run-support_2.10-2.3.8.pom))
Sending msg to client activator-5951ab1b-a64c-428a-b2e6-26be64c01569: DetachedLogEvent(LogMessage(debug,	[SUCCESSFUL ] com.typesafe.play#sbt-run-support_2.10;2.3.8!sbt-run-support_2.10.pom(pom.original) (1449ms)))
Sending msg to client activator-5951ab1b-a64c-428a-b2e6-26be64c01569: DetachedLogEvent(LogMessage(debug,		tried https://repo.typesafe.com/typesafe/ivy-releases/com.typesafe.play/sbt-run-support_2.10/2.3.8/jars/sbt-run-support_2.10.jar))
Sending msg to client activator-5951ab1b-a64c-428a-b2e6-26be64c01569: DetachedLogEvent(LogMessage(debug,CLIENT ERROR: Not Found url=https://repo.typesafe.com/typesafe/ivy-releases/com.typesafe.play/sbt-run-support_2.10/2.3.8/jars/sbt-run-support_2.10.jar))
Sending msg to client activator-5951ab1b-a64c-428a-b2e6-26be64c01569: DetachedLogEvent(LogMessage(debug,		tried https://repo.scala-sbt.org/scalasbt/sbt-plugin-releases/com.typesafe.play/sbt-run-support_2.10/2.3.8/jars/sbt-run-support_2.10.jar))
Got request: UnlistenToEvents()
Reading next message from client.
Got request: UnlistenToBuildChange()
Reading next message from client.
Client activator-5951ab1b-a64c-428a-b2e6-26be64c01569 EOF, shutting down.
Stopping client.
Dropping message (12,ReceivedResponse()) to dead client activator-5951ab1b-a64c-428a-b2e6-26be64c01569
Dropping message (0,ReceivedResponse()) to dead client activator-5951ab1b-a64c-428a-b2e6-26be64c01569
Client activator-5951ab1b-a64c-428a-b2e6-26be64c01569 thread exiting.
