New log file opened at Mon Jun 08 21:39:01 IST 2015 by 3348@Florians-MacBook-Air.local
Taking next connection to: 59838
New client attempting to connect on port: 59839-59838
  Address = /10.207.70.179:59838
This client on port 59839 has uuid e1d3793a-47f0-4a13-a469-34e8530cf3f9 configName activator humanReadableName Activator protocolVersion 1 featureTags Vector()
Connected Clients: activator-e1d3793a-47f0-4a13-a469-34e8530cf3f9
Taking next connection to: 59838
New client attempting to connect on port: 59840-59838
  Address = /10.207.70.179:59838
Handshake exception on socket: 59840
sbt.impl.ipc.HandshakeException: Unable to perform handshake
	at sbt.impl.ipc.Peer.handshake(IPC.scala:46)
	at sbt.impl.ipc.MultiClientServer.<init>(IPC.scala:150)
	at sbt.server.SbtServerSocketHandler$$anon$1.run(SbtServerSocketHandler.scala:43)
Caused by: java.io.EOFException
	at java.io.DataInputStream.readInt(DataInputStream.java:392)
	at sbt.impl.ipc.Peer.receive(IPC.scala:95)
	at sbt.impl.ipc.Peer.handshake(IPC.scala:49)
	... 2 more
Taking next connection to: 59838
New client attempting to connect on port: 59841-59838
  Address = /10.207.70.179:59838
This client on port 59841 has uuid b232c8b5-6136-46aa-ad5a-dd4e757671a3 configName activator humanReadableName Activator protocolVersion 1 featureTags Vector()
Connected Clients: activator-e1d3793a-47f0-4a13-a469-34e8530cf3f9, activator-b232c8b5-6136-46aa-ad5a-dd4e757671a3
Taking next connection to: 59838
